2026-01-30 11:57:52,633 [VANNA API] INFO: Initialized Agent
2026-01-30 11:57:52,635 [VANNA API] INFO: Loaded 11 golden queries from golden_queries.json
2026-01-30 11:57:52,641 [VANNA API] INFO: Loaded conversation history from conversation_history.json
2026-01-30 11:57:52,655 [VANNA API] INFO: Found base server endpoint at index 5: /api/vanna/v2/chat_sse, will remove it
2026-01-30 11:57:52,655 [VANNA API] INFO: Found base server endpoint at index 7: /api/vanna/v2/chat_poll, will remove it
2026-01-30 11:57:52,655 [VANNA API] INFO: Removed base server endpoint: /api/vanna/v2/chat_poll
2026-01-30 11:57:52,656 [VANNA API] INFO: Removed base server endpoint: /api/vanna/v2/chat_sse
/home/m9x/SRC/vanna-ai-app/api.py:1317: DeprecationWarning: 
        on_event is deprecated, use lifespan event handlers instead.

        Read more about it in the
        [FastAPI docs for Lifespan Events](https://fastapi.tiangolo.com/advanced/events/).
        
  @app.on_event("startup")
2026-01-30 11:57:53,130 [VANNA API] INFO: Loaded 5 query patterns and 27 tool patterns
2026-01-30 11:57:53,131 [VANNA API] INFO: Loaded 5 query patterns
INFO:     Started server process [81724]
INFO:     Waiting for application startup.
INFO:     Application startup complete.
INFO:     Uvicorn running on http://0.0.0.0:8001 (Press CTRL+C to quit)
INFO:     Shutting down
INFO:     Waiting for application shutdown.
INFO:     Application shutdown complete.
INFO:     Finished server process [81724]
